Started GET "/" for 127.0.0.1 at 2016-07-27 21:03:46 -0500
Processing by PagesController#index as HTML
  Rendering pages/index.html.erb within layouts/application
  Rendered pages/index.html.erb within layouts/application (6.4ms)
Completed 200 OK in 2134ms (Views: 2113.4ms | ActiveRecord: 0.0ms)


Started GET "/" for 127.0.0.1 at 2016-07-27 21:07:17 -0500
Processing by PagesController#index as HTML
  Rendering pages/index.html.erb within layouts/application
  Rendered pages/index.html.erb within layouts/application (1.7ms)
Completed 200 OK in 60ms (Views: 57.0ms | ActiveRecord: 0.0ms)


Started GET "/" for 127.0.0.1 at 2016-07-27 21:08:19 -0500
Processing by PagesController#index as HTML
  Rendering pages/index.html.erb within layouts/application
  Rendered pages/index.html.erb within layouts/application (1.7ms)
Completed 200 OK in 74ms (Views: 70.4ms | ActiveRecord: 0.0ms)


Started GET "/" for 127.0.0.1 at 2016-07-27 21:08:22 -0500
Processing by PagesController#index as HTML
  Rendering pages/index.html.erb within layouts/application
  Rendered pages/index.html.erb within layouts/application (2.5ms)
Completed 200 OK in 100ms (Views: 98.1ms | ActiveRecord: 0.0ms)


Started GET "/" for 127.0.0.1 at 2016-07-27 21:10:33 -0500
Processing by PagesController#index as HTML
  Rendering pages/index.html.erb within layouts/application
  Rendered pages/index.html.erb within layouts/application (450.5ms)
Completed 500 Internal Server Error in 462ms (ActiveRecord: 0.0ms)


  
ActionView::Template::Error (undefined local variable or method `mundo' for #<#<Class:0x000000025e86c8>:0x007fc8a518dfb0>):
    5: 	<%= a %>
    6: <% end %>
    7: 
    8: <% Hola mundo %>
  
app/views/pages/index.html.erb:8:in `_app_views_pages_index_html_erb__3183447108110829084_70249870031880'
  Rendering /usr/local/rvm/gems/ruby-2.3.0/gems/actionpack-5.0.0/lib/action_dispatch/middleware/templates/rescues/template_error.html.erb within rescues/layout
  Rendering /usr/local/rvm/gems/ruby-2.3.0/gems/actionpack-5.0.0/lib/action_dispatch/middleware/templates/rescues/_source.html.erb
  Rendered /usr/local/rvm/gems/ruby-2.3.0/gems/actionpack-5.0.0/lib/action_dispatch/middleware/templates/rescues/_source.html.erb (17.4ms)
  Rendering /usr/local/rvm/gems/ruby-2.3.0/gems/actionpack-5.0.0/lib/action_dispatch/middleware/templates/rescues/_trace.html.erb
  Rendered /usr/local/rvm/gems/ruby-2.3.0/gems/actionpack-5.0.0/lib/action_dispatch/middleware/templates/rescues/_trace.html.erb (5.5ms)
  Rendering /usr/local/rvm/gems/ruby-2.3.0/gems/actionpack-5.0.0/lib/action_dispatch/middleware/templates/rescues/_request_and_response.html.erb
  Rendered /usr/local/rvm/gems/ruby-2.3.0/gems/actionpack-5.0.0/lib/action_dispatch/middleware/templates/rescues/_request_and_response.html.erb (2.2ms)
  Rendered /usr/local/rvm/gems/ruby-2.3.0/gems/actionpack-5.0.0/lib/action_dispatch/middleware/templates/rescues/template_error.html.erb within rescues/layout (79.6ms)
Started GET "/" for 127.0.0.1 at 2016-07-27 21:11:05 -0500
Processing by PagesController#index as HTML
  Rendering pages/index.html.erb within layouts/application
  Rendered pages/index.html.erb within layouts/application (1.6ms)
Completed 200 OK in 67ms (Views: 62.5ms | ActiveRecord: 0.0ms)


Started GET "/" for 127.0.0.1 at 2016-07-27 21:11:07 -0500
Processing by PagesController#index as HTML
  Rendering pages/index.html.erb within layouts/application
  Rendered pages/index.html.erb within layouts/application (1.3ms)
Completed 200 OK in 62ms (Views: 57.1ms | ActiveRecord: 0.0ms)


Started GET "/" for 127.0.0.1 at 2016-07-27 21:11:08 -0500
Processing by PagesController#index as HTML
  Rendering pages/index.html.erb within layouts/application
  Rendered pages/index.html.erb within layouts/application (3.7ms)
Completed 200 OK in 80ms (Views: 76.2ms | ActiveRecord: 0.0ms)


Started GET "/" for 127.0.0.1 at 2016-07-27 21:13:04 -0500
Processing by PagesController#index as HTML
  Rendering pages/index.html.erb within layouts/application
  Rendered pages/index.html.erb within layouts/application (3.5ms)
Completed 200 OK in 70ms (Views: 66.7ms | ActiveRecord: 0.0ms)


Started GET "/" for 127.0.0.1 at 2016-07-27 21:13:05 -0500
Processing by PagesController#index as HTML
  Rendering pages/index.html.erb within layouts/application
  Rendered pages/index.html.erb within layouts/application (1.6ms)
Completed 200 OK in 66ms (Views: 62.7ms | ActiveRecord: 0.0ms)


Started GET "/" for 127.0.0.1 at 2016-07-27 21:13:06 -0500
Processing by PagesController#index as HTML
  Rendering pages/index.html.erb within layouts/application
  Rendered pages/index.html.erb within layouts/application (1.5ms)
Completed 200 OK in 70ms (Views: 67.2ms | ActiveRecord: 0.0ms)


Started GET "/index" for 127.0.0.1 at 2016-07-27 21:13:28 -0500
  
ActionController::RoutingError (No route matches [GET] "/index"):
  
actionpack (5.0.0) lib/action_dispatch/middleware/debug_exceptions.rb:53:in `call'
web-console (3.3.1) lib/web_console/middleware.rb:131:in `call_app'
web-console (3.3.1) lib/web_console/middleware.rb:28:in `block in call'
web-console (3.3.1) lib/web_console/middleware.rb:18:in `catch'
web-console (3.3.1) lib/web_console/middleware.rb:18:in `call'
actionpack (5.0.0) lib/action_dispatch/middleware/show_exceptions.rb:31:in `call'
railties (5.0.0) lib/rails/rack/logger.rb:36:in `call_app'
railties (5.0.0) lib/rails/rack/logger.rb:24:in `block in call'
activesupport (5.0.0) lib/active_support/tagged_logging.rb:70:in `block in tagged'
activesupport (5.0.0) lib/active_support/tagged_logging.rb:26:in `tagged'
activesupport (5.0.0) lib/active_support/tagged_logging.rb:70:in `tagged'
railties (5.0.0) lib/rails/rack/logger.rb:24:in `call'
sprockets-rails (3.1.1) lib/sprockets/rails/quiet_assets.rb:13:in `call'
actionpack (5.0.0) lib/action_dispatch/middleware/request_id.rb:24:in `call'
rack (2.0.1) lib/rack/method_override.rb:22:in `call'
rack (2.0.1) lib/rack/runtime.rb:22:in `call'
activesupport (5.0.0) lib/active_support/cache/strategy/local_cache_middleware.rb:28:in `call'
actionpack (5.0.0) lib/action_dispatch/middleware/executor.rb:12:in `call'
actionpack (5.0.0) lib/action_dispatch/middleware/static.rb:136:in `call'
rack (2.0.1) lib/rack/sendfile.rb:111:in `call'
railties (5.0.0) lib/rails/engine.rb:522:in `call'
puma (3.6.0) lib/puma/configuration.rb:225:in `call'
puma (3.6.0) lib/puma/server.rb:578:in `handle_request'
puma (3.6.0) lib/puma/server.rb:415:in `process_client'
puma (3.6.0) lib/puma/server.rb:275:in `block in run'
puma (3.6.0) lib/puma/thread_pool.rb:116:in `block in spawn_thread'
  Rendering /usr/local/rvm/gems/ruby-2.3.0/gems/actionpack-5.0.0/lib/action_dispatch/middleware/templates/rescues/routing_error.html.erb within rescues/layout
  Rendering /usr/local/rvm/gems/ruby-2.3.0/gems/actionpack-5.0.0/lib/action_dispatch/middleware/templates/rescues/_trace.html.erb
  Rendered /usr/local/rvm/gems/ruby-2.3.0/gems/actionpack-5.0.0/lib/action_dispatch/middleware/templates/rescues/_trace.html.erb (4.0ms)
  Rendered collection of /usr/local/rvm/gems/ruby-2.3.0/gems/actionpack-5.0.0/lib/action_dispatch/middleware/templates/routes/_route.html.erb [4 times] (65.3ms)
  Rendered /usr/local/rvm/gems/ruby-2.3.0/gems/actionpack-5.0.0/lib/action_dispatch/middleware/templates/routes/_table.html.erb (69.4ms)
  Rendering /usr/local/rvm/gems/ruby-2.3.0/gems/actionpack-5.0.0/lib/action_dispatch/middleware/templates/rescues/_request_and_response.html.erb
  Rendered /usr/local/rvm/gems/ruby-2.3.0/gems/actionpack-5.0.0/lib/action_dispatch/middleware/templates/rescues/_request_and_response.html.erb (2.8ms)
  Rendered /usr/local/rvm/gems/ruby-2.3.0/gems/actionpack-5.0.0/lib/action_dispatch/middleware/templates/rescues/routing_error.html.erb within rescues/layout (236.3ms)
Started GET "/pages/index" for 127.0.0.1 at 2016-07-27 21:13:49 -0500
Processing by PagesController#index as HTML
  Rendering pages/index.html.erb within layouts/application
  Rendered pages/index.html.erb within layouts/application (5.4ms)
Completed 200 OK in 69ms (Views: 61.6ms | ActiveRecord: 0.0ms)


Started GET "/pages/index" for 127.0.0.1 at 2016-07-27 21:13:58 -0500
Processing by PagesController#index as HTML
  Rendering pages/index.html.erb within layouts/application
  Rendered pages/index.html.erb within layouts/application (1.2ms)
Completed 200 OK in 75ms (Views: 66.2ms | ActiveRecord: 0.0ms)


Started GET "/pages/index" for 127.0.0.1 at 2016-07-27 21:14:04 -0500
Processing by PagesController#index as HTML
  Rendering pages/index.html.erb within layouts/application
  Rendered pages/index.html.erb within layouts/application (1.4ms)
Completed 200 OK in 49ms (Views: 46.6ms | ActiveRecord: 0.0ms)


Started GET "/pages/index" for 127.0.0.1 at 2016-07-27 21:14:26 -0500
Processing by PagesController#index as HTML
  Rendering pages/index.html.erb within layouts/application
  Rendered pages/index.html.erb within layouts/application (17.5ms)
Completed 200 OK in 85ms (Views: 77.7ms | ActiveRecord: 0.0ms)


Started GET "/" for 127.0.0.1 at 2016-07-27 21:18:41 -0500
Processing by GeneratesController#x as HTML
  Rendering generates/x.html.erb within layouts/application
  Rendered generates/x.html.erb within layouts/application (1.1ms)
Completed 200 OK in 223ms (Views: 219.9ms | ActiveRecord: 0.0ms)


Started GET "/" for 127.0.0.1 at 2016-07-27 21:19:06 -0500
Processing by GeneratesController#x as HTML
  Rendering generates/x.html.erb within layouts/application
  Rendered generates/x.html.erb within layouts/application (3.1ms)
Completed 200 OK in 90ms (Views: 85.8ms | ActiveRecord: 0.0ms)


Started GET "/" for 127.0.0.1 at 2016-07-27 21:30:12 -0500
  
ActionController::RoutingError (undefined local variable or method `contact' for GeneratesController:Class
Did you mean?  constants):
  
app/controllers/generates_controller.rb:2:in `<class:GeneratesController>'
app/controllers/generates_controller.rb:1:in `<top (required)>'
  Rendering /usr/local/rvm/gems/ruby-2.3.0/gems/actionpack-5.0.0/lib/action_dispatch/middleware/templates/rescues/routing_error.html.erb within rescues/layout
  Rendering /usr/local/rvm/gems/ruby-2.3.0/gems/actionpack-5.0.0/lib/action_dispatch/middleware/templates/rescues/_trace.html.erb
  Rendered /usr/local/rvm/gems/ruby-2.3.0/gems/actionpack-5.0.0/lib/action_dispatch/middleware/templates/rescues/_trace.html.erb (5.0ms)
  Rendered collection of /usr/local/rvm/gems/ruby-2.3.0/gems/actionpack-5.0.0/lib/action_dispatch/middleware/templates/routes/_route.html.erb [7 times] (10.6ms)
  Rendered /usr/local/rvm/gems/ruby-2.3.0/gems/actionpack-5.0.0/lib/action_dispatch/middleware/templates/routes/_table.html.erb (2.5ms)
  Rendering /usr/local/rvm/gems/ruby-2.3.0/gems/actionpack-5.0.0/lib/action_dispatch/middleware/templates/rescues/_request_and_response.html.erb
  Rendered /usr/local/rvm/gems/ruby-2.3.0/gems/actionpack-5.0.0/lib/action_dispatch/middleware/templates/rescues/_request_and_response.html.erb (3.7ms)
  Rendered /usr/local/rvm/gems/ruby-2.3.0/gems/actionpack-5.0.0/lib/action_dispatch/middleware/templates/rescues/routing_error.html.erb within rescues/layout (73.0ms)
Started GET "/" for 127.0.0.1 at 2016-07-27 21:31:04 -0500
  
ActionController::RoutingError (undefined local variable or method `y' for GeneratesController:Class):
  
app/controllers/generates_controller.rb:2:in `<class:GeneratesController>'
app/controllers/generates_controller.rb:1:in `<top (required)>'
  Rendering /usr/local/rvm/gems/ruby-2.3.0/gems/actionpack-5.0.0/lib/action_dispatch/middleware/templates/rescues/routing_error.html.erb within rescues/layout
  Rendering /usr/local/rvm/gems/ruby-2.3.0/gems/actionpack-5.0.0/lib/action_dispatch/middleware/templates/rescues/_trace.html.erb
  Rendered /usr/local/rvm/gems/ruby-2.3.0/gems/actionpack-5.0.0/lib/action_dispatch/middleware/templates/rescues/_trace.html.erb (6.0ms)
  Rendered collection of /usr/local/rvm/gems/ruby-2.3.0/gems/actionpack-5.0.0/lib/action_dispatch/middleware/templates/routes/_route.html.erb [7 times] (10.4ms)
  Rendered /usr/local/rvm/gems/ruby-2.3.0/gems/actionpack-5.0.0/lib/action_dispatch/middleware/templates/routes/_table.html.erb (2.8ms)
  Rendering /usr/local/rvm/gems/ruby-2.3.0/gems/actionpack-5.0.0/lib/action_dispatch/middleware/templates/rescues/_request_and_response.html.erb
  Rendered /usr/local/rvm/gems/ruby-2.3.0/gems/actionpack-5.0.0/lib/action_dispatch/middleware/templates/rescues/_request_and_response.html.erb (3.3ms)
  Rendered /usr/local/rvm/gems/ruby-2.3.0/gems/actionpack-5.0.0/lib/action_dispatch/middleware/templates/rescues/routing_error.html.erb within rescues/layout (69.9ms)
Started GET "/" for 127.0.0.1 at 2016-07-27 21:31:22 -0500
Processing by GeneratesController#x as HTML
  Rendering generates/x.html.erb within layouts/application
  Rendered generates/x.html.erb within layouts/application (1.3ms)
Completed 200 OK in 71ms (Views: 63.4ms | ActiveRecord: 0.0ms)


Started GET "/" for 127.0.0.1 at 2016-07-27 21:31:46 -0500
  
SyntaxError (/home/pako/Documentos/desafio/Back/rails/railsIntro/app/controllers/generates_controller.rb:2: syntax error, unexpected ':', expecting keyword_end
	before_action :get_array, :except :x
	                                   ^):
  
app/controllers/generates_controller.rb:2: syntax error, unexpected ':', expecting keyword_end
  Rendering /usr/local/rvm/gems/ruby-2.3.0/gems/actionpack-5.0.0/lib/action_dispatch/middleware/templates/rescues/diagnostics.html.erb within rescues/layout
  Rendering /usr/local/rvm/gems/ruby-2.3.0/gems/actionpack-5.0.0/lib/action_dispatch/middleware/templates/rescues/_source.html.erb
  Rendered /usr/local/rvm/gems/ruby-2.3.0/gems/actionpack-5.0.0/lib/action_dispatch/middleware/templates/rescues/_source.html.erb (10.1ms)
  Rendering /usr/local/rvm/gems/ruby-2.3.0/gems/actionpack-5.0.0/lib/action_dispatch/middleware/templates/rescues/_trace.html.erb
  Rendered /usr/local/rvm/gems/ruby-2.3.0/gems/actionpack-5.0.0/lib/action_dispatch/middleware/templates/rescues/_trace.html.erb (5.0ms)
  Rendering /usr/local/rvm/gems/ruby-2.3.0/gems/actionpack-5.0.0/lib/action_dispatch/middleware/templates/rescues/_request_and_response.html.erb
  Rendered /usr/local/rvm/gems/ruby-2.3.0/gems/actionpack-5.0.0/lib/action_dispatch/middleware/templates/rescues/_request_and_response.html.erb (2.3ms)
  Rendered /usr/local/rvm/gems/ruby-2.3.0/gems/actionpack-5.0.0/lib/action_dispatch/middleware/templates/rescues/diagnostics.html.erb within rescues/layout (74.6ms)
Started GET "/generates/y" for 127.0.0.1 at 2016-07-27 21:31:56 -0500
  
SyntaxError (/home/pako/Documentos/desafio/Back/rails/railsIntro/app/controllers/generates_controller.rb:2: syntax error, unexpected ':', expecting keyword_end
	before_action :get_array, :except :x
	                                   ^):
  
app/controllers/generates_controller.rb:2: syntax error, unexpected ':', expecting keyword_end
  Rendering /usr/local/rvm/gems/ruby-2.3.0/gems/actionpack-5.0.0/lib/action_dispatch/middleware/templates/rescues/diagnostics.html.erb within rescues/layout
  Rendering /usr/local/rvm/gems/ruby-2.3.0/gems/actionpack-5.0.0/lib/action_dispatch/middleware/templates/rescues/_source.html.erb
  Rendered /usr/local/rvm/gems/ruby-2.3.0/gems/actionpack-5.0.0/lib/action_dispatch/middleware/templates/rescues/_source.html.erb (8.7ms)
  Rendering /usr/local/rvm/gems/ruby-2.3.0/gems/actionpack-5.0.0/lib/action_dispatch/middleware/templates/rescues/_trace.html.erb
  Rendered /usr/local/rvm/gems/ruby-2.3.0/gems/actionpack-5.0.0/lib/action_dispatch/middleware/templates/rescues/_trace.html.erb (6.0ms)
  Rendering /usr/local/rvm/gems/ruby-2.3.0/gems/actionpack-5.0.0/lib/action_dispatch/middleware/templates/rescues/_request_and_response.html.erb
  Rendered /usr/local/rvm/gems/ruby-2.3.0/gems/actionpack-5.0.0/lib/action_dispatch/middleware/templates/rescues/_request_and_response.html.erb (3.9ms)
  Rendered /usr/local/rvm/gems/ruby-2.3.0/gems/actionpack-5.0.0/lib/action_dispatch/middleware/templates/rescues/diagnostics.html.erb within rescues/layout (56.2ms)
Started GET "/generates/y" for 127.0.0.1 at 2016-07-27 21:33:58 -0500
  
ActionController::RoutingError (undefined local variable or method `x' for GeneratesController:Class):
  
app/controllers/generates_controller.rb:2:in `<class:GeneratesController>'
app/controllers/generates_controller.rb:1:in `<top (required)>'
  Rendering /usr/local/rvm/gems/ruby-2.3.0/gems/actionpack-5.0.0/lib/action_dispatch/middleware/templates/rescues/routing_error.html.erb within rescues/layout
  Rendering /usr/local/rvm/gems/ruby-2.3.0/gems/actionpack-5.0.0/lib/action_dispatch/middleware/templates/rescues/_trace.html.erb
  Rendered /usr/local/rvm/gems/ruby-2.3.0/gems/actionpack-5.0.0/lib/action_dispatch/middleware/templates/rescues/_trace.html.erb (4.3ms)
  Rendered collection of /usr/local/rvm/gems/ruby-2.3.0/gems/actionpack-5.0.0/lib/action_dispatch/middleware/templates/routes/_route.html.erb [7 times] (9.7ms)
  Rendered /usr/local/rvm/gems/ruby-2.3.0/gems/actionpack-5.0.0/lib/action_dispatch/middleware/templates/routes/_table.html.erb (3.1ms)
  Rendering /usr/local/rvm/gems/ruby-2.3.0/gems/actionpack-5.0.0/lib/action_dispatch/middleware/templates/rescues/_request_and_response.html.erb
  Rendered /usr/local/rvm/gems/ruby-2.3.0/gems/actionpack-5.0.0/lib/action_dispatch/middleware/templates/rescues/_request_and_response.html.erb (4.4ms)
  Rendered /usr/local/rvm/gems/ruby-2.3.0/gems/actionpack-5.0.0/lib/action_dispatch/middleware/templates/rescues/routing_error.html.erb within rescues/layout (65.0ms)
Started GET "/generates/y" for 127.0.0.1 at 2016-07-27 21:34:00 -0500
  
ActionController::RoutingError (undefined local variable or method `x' for GeneratesController:Class):
  
app/controllers/generates_controller.rb:2:in `<class:GeneratesController>'
app/controllers/generates_controller.rb:1:in `<top (required)>'
  Rendering /usr/local/rvm/gems/ruby-2.3.0/gems/actionpack-5.0.0/lib/action_dispatch/middleware/templates/rescues/routing_error.html.erb within rescues/layout
  Rendering /usr/local/rvm/gems/ruby-2.3.0/gems/actionpack-5.0.0/lib/action_dispatch/middleware/templates/rescues/_trace.html.erb
  Rendered /usr/local/rvm/gems/ruby-2.3.0/gems/actionpack-5.0.0/lib/action_dispatch/middleware/templates/rescues/_trace.html.erb (5.1ms)
  Rendered collection of /usr/local/rvm/gems/ruby-2.3.0/gems/actionpack-5.0.0/lib/action_dispatch/middleware/templates/routes/_route.html.erb [7 times] (18.1ms)
  Rendered /usr/local/rvm/gems/ruby-2.3.0/gems/actionpack-5.0.0/lib/action_dispatch/middleware/templates/routes/_table.html.erb (3.8ms)
  Rendering /usr/local/rvm/gems/ruby-2.3.0/gems/actionpack-5.0.0/lib/action_dispatch/middleware/templates/rescues/_request_and_response.html.erb
  Rendered /usr/local/rvm/gems/ruby-2.3.0/gems/actionpack-5.0.0/lib/action_dispatch/middleware/templates/rescues/_request_and_response.html.erb (4.1ms)
  Rendered /usr/local/rvm/gems/ruby-2.3.0/gems/actionpack-5.0.0/lib/action_dispatch/middleware/templates/rescues/routing_error.html.erb within rescues/layout (87.1ms)
Started GET "/generates/y" for 127.0.0.1 at 2016-07-27 21:34:23 -0500
  
ActionController::RoutingError (undefined local variable or method `x' for GeneratesController:Class):
  
app/controllers/generates_controller.rb:2:in `<class:GeneratesController>'
app/controllers/generates_controller.rb:1:in `<top (required)>'
  Rendering /usr/local/rvm/gems/ruby-2.3.0/gems/actionpack-5.0.0/lib/action_dispatch/middleware/templates/rescues/routing_error.html.erb within rescues/layout
  Rendering /usr/local/rvm/gems/ruby-2.3.0/gems/actionpack-5.0.0/lib/action_dispatch/middleware/templates/rescues/_trace.html.erb
  Rendered /usr/local/rvm/gems/ruby-2.3.0/gems/actionpack-5.0.0/lib/action_dispatch/middleware/templates/rescues/_trace.html.erb (4.4ms)
  Rendered collection of /usr/local/rvm/gems/ruby-2.3.0/gems/actionpack-5.0.0/lib/action_dispatch/middleware/templates/routes/_route.html.erb [7 times] (7.6ms)
  Rendered /usr/local/rvm/gems/ruby-2.3.0/gems/actionpack-5.0.0/lib/action_dispatch/middleware/templates/routes/_table.html.erb (2.8ms)
  Rendering /usr/local/rvm/gems/ruby-2.3.0/gems/actionpack-5.0.0/lib/action_dispatch/middleware/templates/rescues/_request_and_response.html.erb
  Rendered /usr/local/rvm/gems/ruby-2.3.0/gems/actionpack-5.0.0/lib/action_dispatch/middleware/templates/rescues/_request_and_response.html.erb (3.9ms)
  Rendered /usr/local/rvm/gems/ruby-2.3.0/gems/actionpack-5.0.0/lib/action_dispatch/middleware/templates/rescues/routing_error.html.erb within rescues/layout (73.4ms)
Started GET "/generates/y" for 127.0.0.1 at 2016-07-27 21:34:31 -0500
Processing by GeneratesController#y as HTML
  Rendering generates/y.html.erb within layouts/application
  Rendered generates/y.html.erb within layouts/application (1.2ms)
Completed 200 OK in 88ms (Views: 84.5ms | ActiveRecord: 0.0ms)


Started GET "/generates/z" for 127.0.0.1 at 2016-07-27 21:35:12 -0500
Processing by GeneratesController#z as HTML
  Rendering generates/z.html.erb within layouts/application
  Rendered generates/z.html.erb within layouts/application (0.9ms)
Completed 200 OK in 84ms (Views: 78.8ms | ActiveRecord: 0.0ms)


Started GET "/generates/x" for 127.0.0.1 at 2016-07-27 21:35:16 -0500
Processing by GeneratesController#x as HTML
  Rendering generates/x.html.erb within layouts/application
  Rendered generates/x.html.erb within layouts/application (1.0ms)
Completed 200 OK in 74ms (Views: 70.3ms | ActiveRecord: 0.0ms)


Started GET "/generates/x" for 127.0.0.1 at 2016-07-27 22:01:22 -0500
Processing by GeneratesController#x as HTML
  Rendering generates/x.html.erb within layouts/application
  Rendered generates/x.html.erb within layouts/application (1.9ms)
Completed 500 Internal Server Error in 11ms (ActiveRecord: 0.0ms)


  
SyntaxError (/home/pako/Documentos/desafio/Back/rails/railsIntro/app/views/generates/x.html.erb:9: syntax error, unexpected keyword_ensure, expecting end-of-input):
  
app/views/generates/x.html.erb:9: syntax error, unexpected keyword_ensure, expecting end-of-input
  Rendering /usr/local/rvm/gems/ruby-2.3.0/gems/actionpack-5.0.0/lib/action_dispatch/middleware/templates/rescues/diagnostics.html.erb within rescues/layout
  Rendering /usr/local/rvm/gems/ruby-2.3.0/gems/actionpack-5.0.0/lib/action_dispatch/middleware/templates/rescues/_source.html.erb
  Rendered /usr/local/rvm/gems/ruby-2.3.0/gems/actionpack-5.0.0/lib/action_dispatch/middleware/templates/rescues/_source.html.erb (17.4ms)
  Rendering /usr/local/rvm/gems/ruby-2.3.0/gems/actionpack-5.0.0/lib/action_dispatch/middleware/templates/rescues/_trace.html.erb
  Rendered /usr/local/rvm/gems/ruby-2.3.0/gems/actionpack-5.0.0/lib/action_dispatch/middleware/templates/rescues/_trace.html.erb (6.9ms)
  Rendering /usr/local/rvm/gems/ruby-2.3.0/gems/actionpack-5.0.0/lib/action_dispatch/middleware/templates/rescues/_request_and_response.html.erb
  Rendered /usr/local/rvm/gems/ruby-2.3.0/gems/actionpack-5.0.0/lib/action_dispatch/middleware/templates/rescues/_request_and_response.html.erb (2.9ms)
  Rendered /usr/local/rvm/gems/ruby-2.3.0/gems/actionpack-5.0.0/lib/action_dispatch/middleware/templates/rescues/diagnostics.html.erb within rescues/layout (66.0ms)
Started GET "/generates/x" for 127.0.0.1 at 2016-07-27 22:02:24 -0500
Processing by GeneratesController#x as HTML
  Rendering generates/x.html.erb within layouts/application
  Rendered generates/x.html.erb within layouts/application (1.8ms)
Completed 500 Internal Server Error in 11ms (ActiveRecord: 0.0ms)


  
SyntaxError (/home/pako/Documentos/desafio/Back/rails/railsIntro/app/views/generates/x.html.erb:9: syntax error, unexpected keyword_ensure, expecting end-of-input):
  
app/views/generates/x.html.erb:9: syntax error, unexpected keyword_ensure, expecting end-of-input
  Rendering /usr/local/rvm/gems/ruby-2.3.0/gems/actionpack-5.0.0/lib/action_dispatch/middleware/templates/rescues/diagnostics.html.erb within rescues/layout
  Rendering /usr/local/rvm/gems/ruby-2.3.0/gems/actionpack-5.0.0/lib/action_dispatch/middleware/templates/rescues/_source.html.erb
  Rendered /usr/local/rvm/gems/ruby-2.3.0/gems/actionpack-5.0.0/lib/action_dispatch/middleware/templates/rescues/_source.html.erb (14.2ms)
  Rendering /usr/local/rvm/gems/ruby-2.3.0/gems/actionpack-5.0.0/lib/action_dispatch/middleware/templates/rescues/_trace.html.erb
  Rendered /usr/local/rvm/gems/ruby-2.3.0/gems/actionpack-5.0.0/lib/action_dispatch/middleware/templates/rescues/_trace.html.erb (5.4ms)
  Rendering /usr/local/rvm/gems/ruby-2.3.0/gems/actionpack-5.0.0/lib/action_dispatch/middleware/templates/rescues/_request_and_response.html.erb
  Rendered /usr/local/rvm/gems/ruby-2.3.0/gems/actionpack-5.0.0/lib/action_dispatch/middleware/templates/rescues/_request_and_response.html.erb (1.9ms)
  Rendered /usr/local/rvm/gems/ruby-2.3.0/gems/actionpack-5.0.0/lib/action_dispatch/middleware/templates/rescues/diagnostics.html.erb within rescues/layout (63.3ms)
Started GET "/" for 127.0.0.1 at 2016-07-28 21:25:20 -0500
Processing by GeneratesController#x as HTML
  Rendering generates/x.html.erb within layouts/application
  Rendered generates/x.html.erb within layouts/application (2.4ms)
Completed 500 Internal Server Error in 47ms (ActiveRecord: 0.0ms)


  
SyntaxError (/home/pako/Documentos/desafio/Back/rails/railsIntro/app/views/generates/x.html.erb:9: syntax error, unexpected keyword_ensure, expecting end-of-input):
  
app/views/generates/x.html.erb:9: syntax error, unexpected keyword_ensure, expecting end-of-input
  Rendering /usr/local/rvm/gems/ruby-2.3.0/gems/actionpack-5.0.0/lib/action_dispatch/middleware/templates/rescues/diagnostics.html.erb within rescues/layout
  Rendering /usr/local/rvm/gems/ruby-2.3.0/gems/actionpack-5.0.0/lib/action_dispatch/middleware/templates/rescues/_source.html.erb
  Rendered /usr/local/rvm/gems/ruby-2.3.0/gems/actionpack-5.0.0/lib/action_dispatch/middleware/templates/rescues/_source.html.erb (13.8ms)
  Rendering /usr/local/rvm/gems/ruby-2.3.0/gems/actionpack-5.0.0/lib/action_dispatch/middleware/templates/rescues/_trace.html.erb
  Rendered /usr/local/rvm/gems/ruby-2.3.0/gems/actionpack-5.0.0/lib/action_dispatch/middleware/templates/rescues/_trace.html.erb (6.6ms)
  Rendering /usr/local/rvm/gems/ruby-2.3.0/gems/actionpack-5.0.0/lib/action_dispatch/middleware/templates/rescues/_request_and_response.html.erb
  Rendered /usr/local/rvm/gems/ruby-2.3.0/gems/actionpack-5.0.0/lib/action_dispatch/middleware/templates/rescues/_request_and_response.html.erb (2.9ms)
  Rendered /usr/local/rvm/gems/ruby-2.3.0/gems/actionpack-5.0.0/lib/action_dispatch/middleware/templates/rescues/diagnostics.html.erb within rescues/layout (102.4ms)
Started GET "/" for 127.0.0.1 at 2016-07-28 21:26:19 -0500
Processing by GeneratesController#x as HTML
  Rendering generates/x.html.erb within layouts/application
  Rendered generates/x.html.erb within layouts/application (1.9ms)
Completed 500 Internal Server Error in 10ms (ActiveRecord: 0.0ms)


  
SyntaxError (/home/pako/Documentos/desafio/Back/rails/railsIntro/app/views/generates/x.html.erb:8: syntax error, unexpected keyword_ensure, expecting end-of-input):
  
app/views/generates/x.html.erb:8: syntax error, unexpected keyword_ensure, expecting end-of-input
  Rendering /usr/local/rvm/gems/ruby-2.3.0/gems/actionpack-5.0.0/lib/action_dispatch/middleware/templates/rescues/diagnostics.html.erb within rescues/layout
  Rendering /usr/local/rvm/gems/ruby-2.3.0/gems/actionpack-5.0.0/lib/action_dispatch/middleware/templates/rescues/_source.html.erb
  Rendered /usr/local/rvm/gems/ruby-2.3.0/gems/actionpack-5.0.0/lib/action_dispatch/middleware/templates/rescues/_source.html.erb (16.7ms)
  Rendering /usr/local/rvm/gems/ruby-2.3.0/gems/actionpack-5.0.0/lib/action_dispatch/middleware/templates/rescues/_trace.html.erb
  Rendered /usr/local/rvm/gems/ruby-2.3.0/gems/actionpack-5.0.0/lib/action_dispatch/middleware/templates/rescues/_trace.html.erb (7.3ms)
  Rendering /usr/local/rvm/gems/ruby-2.3.0/gems/actionpack-5.0.0/lib/action_dispatch/middleware/templates/rescues/_request_and_response.html.erb
  Rendered /usr/local/rvm/gems/ruby-2.3.0/gems/actionpack-5.0.0/lib/action_dispatch/middleware/templates/rescues/_request_and_response.html.erb (9.0ms)
  Rendered /usr/local/rvm/gems/ruby-2.3.0/gems/actionpack-5.0.0/lib/action_dispatch/middleware/templates/rescues/diagnostics.html.erb within rescues/layout (73.5ms)
Started GET "/" for 127.0.0.1 at 2016-07-28 21:26:48 -0500
Processing by GeneratesController#x as HTML
  Rendering generates/x.html.erb within layouts/application
  Rendered generates/x.html.erb within layouts/application (1.7ms)
Completed 500 Internal Server Error in 18ms (ActiveRecord: 0.0ms)


  
SyntaxError (/home/pako/Documentos/desafio/Back/rails/railsIntro/app/views/generates/x.html.erb:8: syntax error, unexpected keyword_ensure, expecting end-of-input):
  
app/views/generates/x.html.erb:8: syntax error, unexpected keyword_ensure, expecting end-of-input
  Rendering /usr/local/rvm/gems/ruby-2.3.0/gems/actionpack-5.0.0/lib/action_dispatch/middleware/templates/rescues/diagnostics.html.erb within rescues/layout
  Rendering /usr/local/rvm/gems/ruby-2.3.0/gems/actionpack-5.0.0/lib/action_dispatch/middleware/templates/rescues/_source.html.erb
  Rendered /usr/local/rvm/gems/ruby-2.3.0/gems/actionpack-5.0.0/lib/action_dispatch/middleware/templates/rescues/_source.html.erb (14.3ms)
  Rendering /usr/local/rvm/gems/ruby-2.3.0/gems/actionpack-5.0.0/lib/action_dispatch/middleware/templates/rescues/_trace.html.erb
  Rendered /usr/local/rvm/gems/ruby-2.3.0/gems/actionpack-5.0.0/lib/action_dispatch/middleware/templates/rescues/_trace.html.erb (10.3ms)
  Rendering /usr/local/rvm/gems/ruby-2.3.0/gems/actionpack-5.0.0/lib/action_dispatch/middleware/templates/rescues/_request_and_response.html.erb
  Rendered /usr/local/rvm/gems/ruby-2.3.0/gems/actionpack-5.0.0/lib/action_dispatch/middleware/templates/rescues/_request_and_response.html.erb (2.2ms)
  Rendered /usr/local/rvm/gems/ruby-2.3.0/gems/actionpack-5.0.0/lib/action_dispatch/middleware/templates/rescues/diagnostics.html.erb within rescues/layout (67.5ms)
Started GET "/" for 127.0.0.1 at 2016-07-28 21:27:11 -0500
Processing by GeneratesController#x as HTML
  Rendering generates/x.html.erb within layouts/application
  Rendered generates/x.html.erb within layouts/application (1.0ms)
Completed 200 OK in 10244ms (Views: 10239.9ms | ActiveRecord: 0.0ms)


Started GET "/" for 127.0.0.1 at 2016-07-28 21:34:48 -0500
Processing by GeneratesController#x as HTML
  Rendering generates/x.html.erb within layouts/application
  Rendered generates/x.html.erb within layouts/application (1.6ms)
Completed 200 OK in 84ms (Views: 80.8ms | ActiveRecord: 0.0ms)


Started GET "/" for 127.0.0.1 at 2016-07-29 21:10:11 -0500
  
SyntaxError (/home/pako/Documentos/desafio/Back/rails/railsIntro/app/controllers/application_controller.rb:12: syntax error, unexpected end-of-input, expecting keyword_end):
  
app/controllers/application_controller.rb:12: syntax error, unexpected end-of-input, expecting keyword_end
app/controllers/generates_controller.rb:1:in `<top (required)>'
  Rendering /usr/local/rvm/gems/ruby-2.3.0/gems/actionpack-5.0.0/lib/action_dispatch/middleware/templates/rescues/diagnostics.html.erb within rescues/layout
  Rendering /usr/local/rvm/gems/ruby-2.3.0/gems/actionpack-5.0.0/lib/action_dispatch/middleware/templates/rescues/_source.html.erb
  Rendered /usr/local/rvm/gems/ruby-2.3.0/gems/actionpack-5.0.0/lib/action_dispatch/middleware/templates/rescues/_source.html.erb (12.7ms)
  Rendering /usr/local/rvm/gems/ruby-2.3.0/gems/actionpack-5.0.0/lib/action_dispatch/middleware/templates/rescues/_trace.html.erb
  Rendered /usr/local/rvm/gems/ruby-2.3.0/gems/actionpack-5.0.0/lib/action_dispatch/middleware/templates/rescues/_trace.html.erb (6.0ms)
  Rendering /usr/local/rvm/gems/ruby-2.3.0/gems/actionpack-5.0.0/lib/action_dispatch/middleware/templates/rescues/_request_and_response.html.erb
  Rendered /usr/local/rvm/gems/ruby-2.3.0/gems/actionpack-5.0.0/lib/action_dispatch/middleware/templates/rescues/_request_and_response.html.erb (19.2ms)
  Rendered /usr/local/rvm/gems/ruby-2.3.0/gems/actionpack-5.0.0/lib/action_dispatch/middleware/templates/rescues/diagnostics.html.erb within rescues/layout (89.5ms)
Started GET "/" for 127.0.0.1 at 2016-07-29 21:10:47 -0500
  
SyntaxError (/home/pako/Documentos/desafio/Back/rails/railsIntro/app/controllers/application_controller.rb:12: syntax error, unexpected end-of-input, expecting keyword_end):
  
app/controllers/application_controller.rb:12: syntax error, unexpected end-of-input, expecting keyword_end
app/controllers/generates_controller.rb:1:in `<top (required)>'
  Rendering /usr/local/rvm/gems/ruby-2.3.0/gems/actionpack-5.0.0/lib/action_dispatch/middleware/templates/rescues/diagnostics.html.erb within rescues/layout
  Rendering /usr/local/rvm/gems/ruby-2.3.0/gems/actionpack-5.0.0/lib/action_dispatch/middleware/templates/rescues/_source.html.erb
  Rendered /usr/local/rvm/gems/ruby-2.3.0/gems/actionpack-5.0.0/lib/action_dispatch/middleware/templates/rescues/_source.html.erb (11.9ms)
  Rendering /usr/local/rvm/gems/ruby-2.3.0/gems/actionpack-5.0.0/lib/action_dispatch/middleware/templates/rescues/_trace.html.erb
  Rendered /usr/local/rvm/gems/ruby-2.3.0/gems/actionpack-5.0.0/lib/action_dispatch/middleware/templates/rescues/_trace.html.erb (4.9ms)
  Rendering /usr/local/rvm/gems/ruby-2.3.0/gems/actionpack-5.0.0/lib/action_dispatch/middleware/templates/rescues/_request_and_response.html.erb
  Rendered /usr/local/rvm/gems/ruby-2.3.0/gems/actionpack-5.0.0/lib/action_dispatch/middleware/templates/rescues/_request_and_response.html.erb (2.2ms)
  Rendered /usr/local/rvm/gems/ruby-2.3.0/gems/actionpack-5.0.0/lib/action_dispatch/middleware/templates/rescues/diagnostics.html.erb within rescues/layout (60.2ms)
Started GET "/" for 127.0.0.1 at 2016-07-29 21:11:18 -0500
DEPRECATION WARNING: before_filter is deprecated and will be removed in Rails 5.1. Use before_action instead. (called from <class:ApplicationController> at /home/pako/Documentos/desafio/Back/rails/railsIntro/app/controllers/application_controller.rb:3)
Processing by GeneratesController#x as HTML
  Rendering generates/x.html.erb within layouts/application
  Rendered generates/x.html.erb within layouts/application (1.2ms)
Completed 200 OK in 1642ms (Views: 1638.7ms | ActiveRecord: 0.0ms)


Started GET "/generates/z" for 127.0.0.1 at 2016-07-29 21:11:31 -0500
Processing by GeneratesController#z as HTML
  Rendering generates/z.html.erb within layouts/application
  Rendered generates/z.html.erb within layouts/application (1.3ms)
Completed 200 OK in 192ms (Views: 188.2ms | ActiveRecord: 0.0ms)


Started GET "/generates/y" for 127.0.0.1 at 2016-07-29 21:11:38 -0500
Processing by GeneratesController#y as HTML
  Rendering generates/y.html.erb within layouts/application
  Rendered generates/y.html.erb within layouts/application (2.0ms)
Completed 200 OK in 182ms (Views: 179.2ms | ActiveRecord: 0.0ms)


Started GET "/generates/x" for 127.0.0.1 at 2016-07-29 21:11:45 -0500
Processing by GeneratesController#x as HTML
  Rendering generates/x.html.erb within layouts/application
  Rendered generates/x.html.erb within layouts/application (2.5ms)
Completed 200 OK in 185ms (Views: 182.3ms | ActiveRecord: 0.0ms)


Started GET "/generates/y" for 127.0.0.1 at 2016-07-29 21:11:51 -0500
Processing by GeneratesController#y as HTML
  Rendering generates/y.html.erb within layouts/application
  Rendered generates/y.html.erb within layouts/application (1.3ms)
Completed 200 OK in 159ms (Views: 155.3ms | ActiveRecord: 0.0ms)


Started GET "/generates/z" for 127.0.0.1 at 2016-07-29 21:12:31 -0500
Processing by GeneratesController#z as HTML
  Rendering generates/z.html.erb within layouts/application
  Rendered generates/z.html.erb within layouts/application (1.1ms)
Completed 200 OK in 143ms (Views: 139.6ms | ActiveRecord: 0.0ms)


Started GET "/" for 127.0.0.1 at 2016-07-29 21:14:42 -0500
DEPRECATION WARNING: before_filter is deprecated and will be removed in Rails 5.1. Use before_action instead. (called from <class:ApplicationController> at /home/pako/Documentos/desafio/Back/rails/railsIntro/app/controllers/application_controller.rb:3)
Processing by GeneratesController#x as HTML
  Rendering generates/x.html.erb within layouts/application
  Rendered generates/x.html.erb within layouts/application (4.2ms)
Completed 200 OK in 774ms (Views: 754.3ms | ActiveRecord: 0.0ms)


Started GET "/generates/z" for 127.0.0.1 at 2016-07-29 21:14:52 -0500
Processing by GeneratesController#z as HTML
  Rendering generates/z.html.erb within layouts/application
  Rendered generates/z.html.erb within layouts/application (1.3ms)
Completed 200 OK in 138ms (Views: 132.2ms | ActiveRecord: 0.0ms)


Started GET "/generates/z" for 127.0.0.1 at 2016-07-29 21:14:55 -0500
Processing by GeneratesController#z as HTML
  Rendering generates/z.html.erb within layouts/application
  Rendered generates/z.html.erb within layouts/application (1.5ms)
Completed 200 OK in 230ms (Views: 223.9ms | ActiveRecord: 0.0ms)


Started GET "/generates/z" for 127.0.0.1 at 2016-07-29 21:15:30 -0500
Processing by GeneratesController#z as HTML
  Rendering generates/z.html.erb within layouts/landing
  Rendered generates/z.html.erb within layouts/landing (2.1ms)
Completed 200 OK in 174ms (Views: 169.7ms | ActiveRecord: 0.0ms)


Started GET "/generates/x" for 127.0.0.1 at 2016-07-29 21:15:38 -0500
Processing by GeneratesController#x as HTML
  Rendering generates/x.html.erb within layouts/application
  Rendered generates/x.html.erb within layouts/application (4.0ms)
Completed 200 OK in 203ms (Views: 199.9ms | ActiveRecord: 0.0ms)


Started GET "/generates/x" for 127.0.0.1 at 2016-07-29 21:33:25 -0500
Processing by GeneratesController#x as HTML
  Rendering generates/x.html.erb within layouts/application
  Rendered generates/x.html.erb within layouts/application (1.6ms)
Completed 200 OK in 10126ms (Views: 10120.9ms | ActiveRecord: 0.0ms)


Started GET "/" for 127.0.0.1 at 2016-07-29 21:38:14 -0500
Processing by GeneratesController#x as HTML
  Rendering generates/x.html.erb within layouts/application
  Rendered generates/x.html.erb within layouts/application (3.9ms)
Completed 200 OK in 1182ms (Views: 1161.1ms | ActiveRecord: 0.0ms)


Started GET "/generates/y" for 127.0.0.1 at 2016-07-29 21:38:23 -0500
Processing by GeneratesController#y as HTML
  Rendering generates/y.html.erb within layouts/application
  Rendered generates/y.html.erb within layouts/application (1.0ms)
Completed 200 OK in 284ms (Views: 279.2ms | ActiveRecord: 0.0ms)


Started GET "/generates/z" for 127.0.0.1 at 2016-07-29 21:38:30 -0500
Processing by GeneratesController#z as HTML
  Rendering generates/z.html.erb within layouts/landing
  Rendered generates/z.html.erb within layouts/landing (1.1ms)
Completed 200 OK in 197ms (Views: 193.4ms | ActiveRecord: 0.0ms)


Started GET "/generates/z" for 127.0.0.1 at 2016-07-29 21:40:22 -0500
Processing by GeneratesController#z as HTML
  Rendering generates/z.html.erb within layouts/landing
  Rendered generates/z.html.erb within layouts/landing (3.7ms)
Completed 200 OK in 5922ms (Views: 5902.7ms | ActiveRecord: 0.0ms)


Started GET "/generates/x" for 127.0.0.1 at 2016-07-29 21:40:37 -0500
Processing by GeneratesController#x as HTML
  Rendering generates/x.html.erb within layouts/application
  Rendered generates/x.html.erb within layouts/application (3.8ms)
Completed 200 OK in 231ms (Views: 228.1ms | ActiveRecord: 0.0ms)


Started GET "/generates/x" for 127.0.0.1 at 2016-07-29 21:46:03 -0500
Processing by GeneratesController#x as HTML
  Rendering generates/x.html.erb within layouts/application
  Rendered generates/x.html.erb within layouts/application (1.0ms)
Completed 200 OK in 157ms (Views: 154.5ms | ActiveRecord: 0.0ms)


Started GET "/generates/x" for 127.0.0.1 at 2016-07-29 21:46:51 -0500
Processing by GeneratesController#x as HTML
  Rendering generates/x.html.erb within layouts/application
  Rendered generates/x.html.erb within layouts/application (0.9ms)
Completed 200 OK in 171ms (Views: 167.1ms | ActiveRecord: 0.0ms)


Started GET "/generates/x" for 127.0.0.1 at 2016-07-29 21:47:48 -0500
Processing by GeneratesController#x as HTML
  Rendering generates/x.html.erb within layouts/application
  Rendered generates/x.html.erb within layouts/application (1.6ms)
Completed 200 OK in 168ms (Views: 158.4ms | ActiveRecord: 0.0ms)


Started GET "/generates/y" for 127.0.0.1 at 2016-07-29 21:48:04 -0500
Processing by GeneratesController#y as HTML
  Rendering generates/y.html.erb within layouts/application
  Rendered generates/y.html.erb within layouts/application (1.2ms)
Completed 200 OK in 166ms (Views: 161.7ms | ActiveRecord: 0.0ms)


Started GET "/generates/pag3" for 127.0.0.1 at 2016-07-29 21:48:13 -0500
Processing by GeneratesController#pag3 as HTML
  Rendering generates/pag3.html.erb within layouts/application
  Rendered generates/pag3.html.erb within layouts/application (0.9ms)
Completed 200 OK in 153ms (Views: 150.3ms | ActiveRecord: 0.0ms)


Started GET "/generates/z" for 127.0.0.1 at 2016-07-29 21:48:25 -0500
Processing by GeneratesController#z as HTML
  Rendering generates/z.html.erb within layouts/landing
  Rendered generates/z.html.erb within layouts/landing (1.3ms)
Completed 200 OK in 143ms (Views: 128.4ms | ActiveRecord: 0.0ms)


Started GET "/generates/x" for 127.0.0.1 at 2016-07-29 21:58:52 -0500
  
SyntaxError (/home/pako/Documentos/desafio/Back/rails/railsIntro/app/controllers/generates_controller.rb:2: syntax error, unexpected ':', expecting keyword_end
	before_filter: get_data
	              ^
/home/pako/Documentos/desafio/Back/rails/railsIntro/app/controllers/generates_controller.rb:24: syntax error, unexpected '|'
  	for x in 0..19 do |x|
  	                   ^):
  
app/controllers/generates_controller.rb:2: syntax error, unexpected ':', expecting keyword_end
app/controllers/generates_controller.rb:24: syntax error, unexpected '|'
Started GET "/generates/x" for 127.0.0.1 at 2016-07-29 21:58:52 -0500
  Rendering /usr/local/rvm/gems/ruby-2.3.0/gems/actionpack-5.0.0/lib/action_dispatch/middleware/templates/rescues/diagnostics.html.erb within rescues/layout
  Rendering /usr/local/rvm/gems/ruby-2.3.0/gems/actionpack-5.0.0/lib/action_dispatch/middleware/templates/rescues/_source.html.erb
  Rendered /usr/local/rvm/gems/ruby-2.3.0/gems/actionpack-5.0.0/lib/action_dispatch/middleware/templates/rescues/_source.html.erb (13.7ms)
  Rendering /usr/local/rvm/gems/ruby-2.3.0/gems/actionpack-5.0.0/lib/action_dispatch/middleware/templates/rescues/_trace.html.erb
  Rendered /usr/local/rvm/gems/ruby-2.3.0/gems/actionpack-5.0.0/lib/action_dispatch/middleware/templates/rescues/_trace.html.erb (7.8ms)
  Rendering /usr/local/rvm/gems/ruby-2.3.0/gems/actionpack-5.0.0/lib/action_dispatch/middleware/templates/rescues/_request_and_response.html.erb
  Rendered /usr/local/rvm/gems/ruby-2.3.0/gems/actionpack-5.0.0/lib/action_dispatch/middleware/templates/rescues/_request_and_response.html.erb (3.6ms)
  Rendered /usr/local/rvm/gems/ruby-2.3.0/gems/actionpack-5.0.0/lib/action_dispatch/middleware/templates/rescues/diagnostics.html.erb within rescues/layout (67.8ms)
  
SyntaxError (/home/pako/Documentos/desafio/Back/rails/railsIntro/app/controllers/generates_controller.rb:2: syntax error, unexpected ':', expecting keyword_end
	before_filter: get_data
	              ^
/home/pako/Documentos/desafio/Back/rails/railsIntro/app/controllers/generates_controller.rb:24: syntax error, unexpected '|'
  	for x in 0..19 do |x|
  	                   ^):
  
app/controllers/generates_controller.rb:2: syntax error, unexpected ':', expecting keyword_end
app/controllers/generates_controller.rb:24: syntax error, unexpected '|'
  Rendering /usr/local/rvm/gems/ruby-2.3.0/gems/actionpack-5.0.0/lib/action_dispatch/middleware/templates/rescues/diagnostics.html.erb within rescues/layout
  Rendering /usr/local/rvm/gems/ruby-2.3.0/gems/actionpack-5.0.0/lib/action_dispatch/middleware/templates/rescues/_source.html.erb
  Rendered /usr/local/rvm/gems/ruby-2.3.0/gems/actionpack-5.0.0/lib/action_dispatch/middleware/templates/rescues/_source.html.erb (9.9ms)
  Rendering /usr/local/rvm/gems/ruby-2.3.0/gems/actionpack-5.0.0/lib/action_dispatch/middleware/templates/rescues/_trace.html.erb
  Rendered /usr/local/rvm/gems/ruby-2.3.0/gems/actionpack-5.0.0/lib/action_dispatch/middleware/templates/rescues/_trace.html.erb (6.3ms)
  Rendering /usr/local/rvm/gems/ruby-2.3.0/gems/actionpack-5.0.0/lib/action_dispatch/middleware/templates/rescues/_request_and_response.html.erb
  Rendered /usr/local/rvm/gems/ruby-2.3.0/gems/actionpack-5.0.0/lib/action_dispatch/middleware/templates/rescues/_request_and_response.html.erb (3.1ms)
  Rendered /usr/local/rvm/gems/ruby-2.3.0/gems/actionpack-5.0.0/lib/action_dispatch/middleware/templates/rescues/diagnostics.html.erb within rescues/layout (59.9ms)
Started GET "/generates/x" for 127.0.0.1 at 2016-07-29 21:59:31 -0500
  
SyntaxError (/home/pako/Documentos/desafio/Back/rails/railsIntro/app/controllers/generates_controller.rb:2: syntax error, unexpected ':', expecting keyword_end
	before_filter: :get_data
	              ^
/home/pako/Documentos/desafio/Back/rails/railsIntro/app/controllers/generates_controller.rb:24: syntax error, unexpected '|'
  	for x in 0..19 do |x|
  	                   ^):
  
app/controllers/generates_controller.rb:2: syntax error, unexpected ':', expecting keyword_end
app/controllers/generates_controller.rb:24: syntax error, unexpected '|'
  Rendering /usr/local/rvm/gems/ruby-2.3.0/gems/actionpack-5.0.0/lib/action_dispatch/middleware/templates/rescues/diagnostics.html.erb within rescues/layout
  Rendering /usr/local/rvm/gems/ruby-2.3.0/gems/actionpack-5.0.0/lib/action_dispatch/middleware/templates/rescues/_source.html.erb
  Rendered /usr/local/rvm/gems/ruby-2.3.0/gems/actionpack-5.0.0/lib/action_dispatch/middleware/templates/rescues/_source.html.erb (9.8ms)
  Rendering /usr/local/rvm/gems/ruby-2.3.0/gems/actionpack-5.0.0/lib/action_dispatch/middleware/templates/rescues/_trace.html.erb
  Rendered /usr/local/rvm/gems/ruby-2.3.0/gems/actionpack-5.0.0/lib/action_dispatch/middleware/templates/rescues/_trace.html.erb (5.1ms)
  Rendering /usr/local/rvm/gems/ruby-2.3.0/gems/actionpack-5.0.0/lib/action_dispatch/middleware/templates/rescues/_request_and_response.html.erb
  Rendered /usr/local/rvm/gems/ruby-2.3.0/gems/actionpack-5.0.0/lib/action_dispatch/middleware/templates/rescues/_request_and_response.html.erb (2.5ms)
  Rendered /usr/local/rvm/gems/ruby-2.3.0/gems/actionpack-5.0.0/lib/action_dispatch/middleware/templates/rescues/diagnostics.html.erb within rescues/layout (56.7ms)
Started GET "/generates/x" for 127.0.0.1 at 2016-07-29 21:59:46 -0500
  
SyntaxError (/home/pako/Documentos/desafio/Back/rails/railsIntro/app/controllers/generates_controller.rb:24: syntax error, unexpected '|'
  	for x in 0..19 do |x|
  	                   ^):
  
app/controllers/generates_controller.rb:24: syntax error, unexpected '|'
  Rendering /usr/local/rvm/gems/ruby-2.3.0/gems/actionpack-5.0.0/lib/action_dispatch/middleware/templates/rescues/diagnostics.html.erb within rescues/layout
  Rendering /usr/local/rvm/gems/ruby-2.3.0/gems/actionpack-5.0.0/lib/action_dispatch/middleware/templates/rescues/_source.html.erb
  Rendered /usr/local/rvm/gems/ruby-2.3.0/gems/actionpack-5.0.0/lib/action_dispatch/middleware/templates/rescues/_source.html.erb (8.2ms)
  Rendering /usr/local/rvm/gems/ruby-2.3.0/gems/actionpack-5.0.0/lib/action_dispatch/middleware/templates/rescues/_trace.html.erb
  Rendered /usr/local/rvm/gems/ruby-2.3.0/gems/actionpack-5.0.0/lib/action_dispatch/middleware/templates/rescues/_trace.html.erb (4.1ms)
  Rendering /usr/local/rvm/gems/ruby-2.3.0/gems/actionpack-5.0.0/lib/action_dispatch/middleware/templates/rescues/_request_and_response.html.erb
  Rendered /usr/local/rvm/gems/ruby-2.3.0/gems/actionpack-5.0.0/lib/action_dispatch/middleware/templates/rescues/_request_and_response.html.erb (3.0ms)
  Rendered /usr/local/rvm/gems/ruby-2.3.0/gems/actionpack-5.0.0/lib/action_dispatch/middleware/templates/rescues/diagnostics.html.erb within rescues/layout (55.8ms)
Started GET "/generates/x" for 127.0.0.1 at 2016-07-29 22:00:09 -0500
DEPRECATION WARNING: before_filter is deprecated and will be removed in Rails 5.1. Use before_action instead. (called from <class:GeneratesController> at /home/pako/Documentos/desafio/Back/rails/railsIntro/app/controllers/generates_controller.rb:2)
Processing by GeneratesController#x as HTML
  Rendering generates/x.html.erb within layouts/application
  Rendered generates/x.html.erb within layouts/application (1.5ms)
Completed 200 OK in 143ms (Views: 139.1ms | ActiveRecord: 0.0ms)


Started GET "/generates/y" for 127.0.0.1 at 2016-07-29 22:00:16 -0500
Processing by GeneratesController#y as HTML
  Rendering generates/y.html.erb within layouts/application
  Rendered generates/y.html.erb within layouts/application (1.2ms)
Completed 200 OK in 130ms (Views: 127.1ms | ActiveRecord: 0.0ms)


Started GET "/generates/z" for 127.0.0.1 at 2016-07-29 22:00:23 -0500
Processing by GeneratesController#z as HTML
  Rendering generates/z.html.erb within layouts/landing
  Rendered generates/z.html.erb within layouts/landing (1.2ms)
Completed 200 OK in 104ms (Views: 101.8ms | ActiveRecord: 0.0ms)


Started GET "/generates/x" for 127.0.0.1 at 2016-07-29 22:01:37 -0500
Processing by GeneratesController#x as HTML
  Rendering generates/x.html.erb within layouts/application
  Rendered generates/x.html.erb within layouts/application (1.0ms)
Completed 200 OK in 164ms (Views: 160.0ms | ActiveRecord: 0.0ms)


Started GET "/generates/y" for 127.0.0.1 at 2016-07-29 22:01:42 -0500
Processing by GeneratesController#y as HTML
  Rendering generates/y.html.erb within layouts/application
  Rendered generates/y.html.erb within layouts/application (1.1ms)
Started GET "/generates/y" for 127.0.0.1 at 2016-07-29 22:01:42 -0500
Processing by GeneratesController#y as HTML
  Rendering generates/y.html.erb within layouts/application
  Rendered generates/y.html.erb within layouts/application (0.9ms)
Completed 200 OK in 196ms (Views: 192.0ms | ActiveRecord: 0.0ms)


Completed 200 OK in 191ms (Views: 186.8ms | ActiveRecord: 0.0ms)


Started GET "/generates/y" for 127.0.0.1 at 2016-07-29 22:02:00 -0500
Processing by GeneratesController#y as HTML
  Rendering generates/y.html.erb within layouts/application
  Rendered generates/y.html.erb within layouts/application (1.0ms)
Completed 200 OK in 161ms (Views: 158.2ms | ActiveRecord: 0.0ms)


Started GET "/generates/y" for 127.0.0.1 at 2016-07-29 22:04:19 -0500
Processing by GeneratesController#y as HTML
  Rendering generates/y.html.erb within layouts/application
  Rendered generates/y.html.erb within layouts/application (1.0ms)
Completed 200 OK in 156ms (Views: 152.8ms | ActiveRecord: 0.0ms)


Started GET "/generates/x" for 127.0.0.1 at 2016-07-29 22:04:33 -0500
Processing by GeneratesController#x as HTML
  Rendering generates/x.html.erb within layouts/application
  Rendered generates/_display_students.erb (1.5ms)
  Rendered generates/x.html.erb within layouts/application (4.9ms)
Completed 200 OK in 152ms (Views: 147.5ms | ActiveRecord: 0.0ms)


Started GET "/generates/y" for 127.0.0.1 at 2016-07-29 22:04:37 -0500
Processing by GeneratesController#y as HTML
  Rendering generates/y.html.erb within layouts/application
  Rendered generates/y.html.erb within layouts/application (0.8ms)
Completed 200 OK in 155ms (Views: 149.1ms | ActiveRecord: 0.0ms)


Started GET "/generates/z" for 127.0.0.1 at 2016-07-29 22:04:42 -0500
Processing by GeneratesController#z as HTML
  Rendering generates/z.html.erb within layouts/landing
  Rendered generates/z.html.erb within layouts/landing (1.1ms)
Completed 200 OK in 128ms (Views: 124.8ms | ActiveRecord: 0.0ms)


Started GET "/generates/z" for 127.0.0.1 at 2016-07-29 22:05:31 -0500
Processing by GeneratesController#z as HTML
  Rendering generates/z.html.erb within layouts/landing
  Rendered generates/z.html.erb within layouts/landing (1.1ms)
Completed 200 OK in 117ms (Views: 114.4ms | ActiveRecord: 0.0ms)


